2022-05-26 11:02:28 - com.company.UzCard.UzCardApplication - INFO  - Starting UzCardApplication using Java 17.0.2 on Bilol with PID 16632 (D:\JavaLesson\UzCard\target\classes started by Bilol in D:\JavaLesson\UzCard)
2022-05-26 11:02:28 - com.company.UzCard.UzCardApplication - DEBUG - Running with Spring Boot v2.7.0, Spring v5.3.20
2022-05-26 11:02:28 - com.company.UzCard.UzCardApplication - INFO  - The following 1 profile is active: "dev"
2022-05-26 11:02:29 - o.s.d.r.c.RepositoryConfigurationDelegate - INFO  - Bootstrapping Spring Data JPA repositories in DEFAULT mode.
2022-05-26 11:02:29 - o.s.d.r.c.RepositoryConfigurationDelegate - INFO  - Finished Spring Data repository scanning in 30 ms. Found 3 JPA repository interfaces.
2022-05-26 11:02:29 - o.s.b.w.e.tomcat.TomcatWebServer - INFO  - Tomcat initialized with port(s): 8080 (http)
2022-05-26 11:02:29 - o.a.catalina.core.StandardService - INFO  - Starting service [Tomcat]
2022-05-26 11:02:29 - o.a.catalina.core.StandardEngine - INFO  - Starting Servlet engine: [Apache Tomcat/9.0.63]
2022-05-26 11:02:29 - o.a.c.c.C.[Tomcat].[localhost].[/] - INFO  - Initializing Spring embedded WebApplicationContext
2022-05-26 11:02:29 - o.s.b.w.s.c.ServletWebServerApplicationContext - INFO  - Root WebApplicationContext: initialization completed in 1147 ms
2022-05-26 11:02:29 - o.h.jpa.internal.util.LogHelper - INFO  - HHH000204: Processing PersistenceUnitInfo [name: default]
2022-05-26 11:02:29 - org.hibernate.Version - INFO  - HHH000412: Hibernate ORM core version 5.6.9.Final
2022-05-26 11:02:30 - o.h.annotations.common.Version - INFO  - HCANN000001: Hibernate Commons Annotations {5.1.2.Final}
2022-05-26 11:02:30 - com.zaxxer.hikari.HikariDataSource - INFO  - HikariPool-1 - Starting...
2022-05-26 11:02:30 - com.zaxxer.hikari.HikariDataSource - INFO  - HikariPool-1 - Start completed.
2022-05-26 11:02:30 - org.hibernate.dialect.Dialect - INFO  - HHH000400: Using dialect: org.hibernate.dialect.PostgreSQL10Dialect
2022-05-26 11:02:30 - org.hibernate.id.UUIDHexGenerator - WARN  - HHH000409: Using org.hibernate.id.UUIDHexGenerator which does not generate IETF RFC 4122 compliant UUID values; consider using org.hibernate.id.UUIDGenerator instead
2022-05-26 11:02:30 - o.h.e.t.j.p.i.JtaPlatformInitiator - INFO  - HHH000490: Using JtaPlatform implementation: [org.hibernate.engine.transaction.jta.platform.internal.NoJtaPlatform]
2022-05-26 11:02:30 - o.s.o.j.LocalContainerEntityManagerFactoryBean - INFO  - Initialized JPA EntityManagerFactory for persistence unit 'default'
2022-05-26 11:02:30 - o.s.b.a.o.j.JpaBaseConfiguration$JpaWebConfiguration - WARN  - spring.jpa.open-in-view is enabled by default. Therefore, database queries may be performed during view rendering. Explicitly configure spring.jpa.open-in-view to disable this warning
2022-05-26 11:02:30 - o.s.b.w.s.c.AnnotationConfigServletWebServerApplicationContext - WARN  - Exception encountered during context initialization - cancelling refresh attempt: org.springframework.beans.factory.UnsatisfiedDependencyException: Error creating bean with name 'clientController' defined in file [D:\JavaLesson\UzCard\target\classes\com\company\UzCard\controller\ClientController.class]: Unsatisfied dependency expressed through constructor parameter 0; nested exception is org.springframework.beans.factory.UnsatisfiedDependencyException: Error creating bean with name 'clientService': Unsatisfied dependency expressed through field 'clientRepository'; nested exception is org.springframework.beans.factory.BeanCreationException: Error creating bean with name 'clientRepository' defined in com.company.UzCard.repository.ClientRepository defined in @EnableJpaRepositories declared on JpaRepositoriesRegistrar.EnableJpaRepositoriesConfiguration: Invocation of init method failed; nested exception is org.springframework.data.repository.query.QueryCreationException: Could not create query for public abstract int com.company.UzCard.repository.ClientRepository.update(java.lang.String,java.lang.String,java.lang.String)! Reason: Using named parameters for method public abstract int com.company.UzCard.repository.ClientRepository.update(java.lang.String,java.lang.String,java.lang.String) but parameter 'Optional[name]' not found in annotated query 'update ClientEntity as c set c.name=:status, c.surname=:surname where c.uuid=:id'!; nested exception is java.lang.IllegalStateException: Using named parameters for method public abstract int com.company.UzCard.repository.ClientRepository.update(java.lang.String,java.lang.String,java.lang.String) but parameter 'Optional[name]' not found in annotated query 'update ClientEntity as c set c.name=:status, c.surname=:surname where c.uuid=:id'!
2022-05-26 11:02:30 - o.s.o.j.LocalContainerEntityManagerFactoryBean - INFO  - Closing JPA EntityManagerFactory for persistence unit 'default'
2022-05-26 11:02:30 - com.zaxxer.hikari.HikariDataSource - INFO  - HikariPool-1 - Shutdown initiated...
2022-05-26 11:02:30 - com.zaxxer.hikari.HikariDataSource - INFO  - HikariPool-1 - Shutdown completed.
2022-05-26 11:02:30 - o.a.catalina.core.StandardService - INFO  - Stopping service [Tomcat]
2022-05-26 11:02:31 - o.s.b.a.l.ConditionEvaluationReportLoggingListener - INFO  - 

Error starting ApplicationContext. To display the conditions report re-run your application with 'debug' enabled.
2022-05-26 11:02:31 - o.s.boot.SpringApplication - ERROR - Application run failed
org.springframework.beans.factory.UnsatisfiedDependencyException: Error creating bean with name 'clientController' defined in file [D:\JavaLesson\UzCard\target\classes\com\company\UzCard\controller\ClientController.class]: Unsatisfied dependency expressed through constructor parameter 0; nested exception is org.springframework.beans.factory.UnsatisfiedDependencyException: Error creating bean with name 'clientService': Unsatisfied dependency expressed through field 'clientRepository'; nested exception is org.springframework.beans.factory.BeanCreationException: Error creating bean with name 'clientRepository' defined in com.company.UzCard.repository.ClientRepository defined in @EnableJpaRepositories declared on JpaRepositoriesRegistrar.EnableJpaRepositoriesConfiguration: Invocation of init method failed; nested exception is org.springframework.data.repository.query.QueryCreationException: Could not create query for public abstract int com.company.UzCard.repository.ClientRepository.update(java.lang.String,java.lang.String,java.lang.String)! Reason: Using named parameters for method public abstract int com.company.UzCard.repository.ClientRepository.update(java.lang.String,java.lang.String,java.lang.String) but parameter 'Optional[name]' not found in annotated query 'update ClientEntity as c set c.name=:status, c.surname=:surname where c.uuid=:id'!; nested exception is java.lang.IllegalStateException: Using named parameters for method public abstract int com.company.UzCard.repository.ClientRepository.update(java.lang.String,java.lang.String,java.lang.String) but parameter 'Optional[name]' not found in annotated query 'update ClientEntity as c set c.name=:status, c.surname=:surname where c.uuid=:id'!
	at org.springframework.beans.factory.support.ConstructorResolver.createArgumentArray(ConstructorResolver.java:800)
	at org.springframework.beans.factory.support.ConstructorResolver.autowireConstructor(ConstructorResolver.java:229)
	at org.springframework.beans.factory.support.AbstractAutowireCapableBeanFactory.autowireConstructor(AbstractAutowireCapableBeanFactory.java:1372)
	at org.springframework.beans.factory.support.AbstractAutowireCapableBeanFactory.createBeanInstance(AbstractAutowireCapableBeanFactory.java:1222)
	at org.springframework.beans.factory.support.AbstractAutowireCapableBeanFactory.doCreateBean(AbstractAutowireCapableBeanFactory.java:582)
	at org.springframework.beans.factory.support.AbstractAutowireCapableBeanFactory.createBean(AbstractAutowireCapableBeanFactory.java:542)
	at org.springframework.beans.factory.support.AbstractBeanFactory.lambda$doGetBean$0(AbstractBeanFactory.java:335)
	at org.springframework.beans.factory.support.DefaultSingletonBeanRegistry.getSingleton(DefaultSingletonBeanRegistry.java:234)
	at org.springframework.beans.factory.support.AbstractBeanFactory.doGetBean(AbstractBeanFactory.java:333)
	at org.springframework.beans.factory.support.AbstractBeanFactory.getBean(AbstractBeanFactory.java:208)
	at org.springframework.beans.factory.support.DefaultListableBeanFactory.preInstantiateSingletons(DefaultListableBeanFactory.java:953)
	at org.springframework.context.support.AbstractApplicationContext.finishBeanFactoryInitialization(AbstractApplicationContext.java:918)
	at org.springframework.context.support.AbstractApplicationContext.refresh(AbstractApplicationContext.java:583)
	at org.springframework.boot.web.servlet.context.ServletWebServerApplicationContext.refresh(ServletWebServerApplicationContext.java:147)
	at org.springframework.boot.SpringApplication.refresh(SpringApplication.java:734)
	at org.springframework.boot.SpringApplication.refreshContext(SpringApplication.java:408)
	at org.springframework.boot.SpringApplication.run(SpringApplication.java:308)
	at org.springframework.boot.SpringApplication.run(SpringApplication.java:1306)
	at org.springframework.boot.SpringApplication.run(SpringApplication.java:1295)
	at com.company.UzCard.UzCardApplication.main(UzCardApplication.java:10)
Caused by: org.springframework.beans.factory.UnsatisfiedDependencyException: Error creating bean with name 'clientService': Unsatisfied dependency expressed through field 'clientRepository'; nested exception is org.springframework.beans.factory.BeanCreationException: Error creating bean with name 'clientRepository' defined in com.company.UzCard.repository.ClientRepository defined in @EnableJpaRepositories declared on JpaRepositoriesRegistrar.EnableJpaRepositoriesConfiguration: Invocation of init method failed; nested exception is org.springframework.data.repository.query.QueryCreationException: Could not create query for public abstract int com.company.UzCard.repository.ClientRepository.update(java.lang.String,java.lang.String,java.lang.String)! Reason: Using named parameters for method public abstract int com.company.UzCard.repository.ClientRepository.update(java.lang.String,java.lang.String,java.lang.String) but parameter 'Optional[name]' not found in annotated query 'update ClientEntity as c set c.name=:status, c.surname=:surname where c.uuid=:id'!; nested exception is java.lang.IllegalStateException: Using named parameters for method public abstract int com.company.UzCard.repository.ClientRepository.update(java.lang.String,java.lang.String,java.lang.String) but parameter 'Optional[name]' not found in annotated query 'update ClientEntity as c set c.name=:status, c.surname=:surname where c.uuid=:id'!
	at org.springframework.beans.factory.annotation.AutowiredAnnotationBeanPostProcessor$AutowiredFieldElement.resolveFieldValue(AutowiredAnnotationBeanPostProcessor.java:659)
	at org.springframework.beans.factory.annotation.AutowiredAnnotationBeanPostProcessor$AutowiredFieldElement.inject(AutowiredAnnotationBeanPostProcessor.java:639)
	at org.springframework.beans.factory.annotation.InjectionMetadata.inject(InjectionMetadata.java:119)
	at org.springframework.beans.factory.annotation.AutowiredAnnotationBeanPostProcessor.postProcessProperties(AutowiredAnnotationBeanPostProcessor.java:399)
	at org.springframework.beans.factory.support.AbstractAutowireCapableBeanFactory.populateBean(AbstractAutowireCapableBeanFactory.java:1431)
	at org.springframework.beans.factory.support.AbstractAutowireCapableBeanFactory.doCreateBean(AbstractAutowireCapableBeanFactory.java:619)
	at org.springframework.beans.factory.support.AbstractAutowireCapableBeanFactory.createBean(AbstractAutowireCapableBeanFactory.java:542)
	at org.springframework.beans.factory.support.AbstractBeanFactory.lambda$doGetBean$0(AbstractBeanFactory.java:335)
	at org.springframework.beans.factory.support.DefaultSingletonBeanRegistry.getSingleton(DefaultSingletonBeanRegistry.java:234)
	at org.springframework.beans.factory.support.AbstractBeanFactory.doGetBean(AbstractBeanFactory.java:333)
	at org.springframework.beans.factory.support.AbstractBeanFactory.getBean(AbstractBeanFactory.java:208)
	at org.springframework.beans.factory.config.DependencyDescriptor.resolveCandidate(DependencyDescriptor.java:276)
	at org.springframework.beans.factory.support.DefaultListableBeanFactory.doResolveDependency(DefaultListableBeanFactory.java:1389)
	at org.springframework.beans.factory.support.DefaultListableBeanFactory.resolveDependency(DefaultListableBeanFactory.java:1309)
	at org.springframework.beans.factory.support.ConstructorResolver.resolveAutowiredArgument(ConstructorResolver.java:887)
	at org.springframework.beans.factory.support.ConstructorResolver.createArgumentArray(ConstructorResolver.java:791)
	... 19 common frames omitted
Caused by: org.springframework.beans.factory.BeanCreationException: Error creating bean with name 'clientRepository' defined in com.company.UzCard.repository.ClientRepository defined in @EnableJpaRepositories declared on JpaRepositoriesRegistrar.EnableJpaRepositoriesConfiguration: Invocation of init method failed; nested exception is org.springframework.data.repository.query.QueryCreationException: Could not create query for public abstract int com.company.UzCard.repository.ClientRepository.update(java.lang.String,java.lang.String,java.lang.String)! Reason: Using named parameters for method public abstract int com.company.UzCard.repository.ClientRepository.update(java.lang.String,java.lang.String,java.lang.String) but parameter 'Optional[name]' not found in annotated query 'update ClientEntity as c set c.name=:status, c.surname=:surname where c.uuid=:id'!; nested exception is java.lang.IllegalStateException: Using named parameters for method public abstract int com.company.UzCard.repository.ClientRepository.update(java.lang.String,java.lang.String,java.lang.String) but parameter 'Optional[name]' not found in annotated query 'update ClientEntity as c set c.name=:status, c.surname=:surname where c.uuid=:id'!
	at org.springframework.beans.factory.support.AbstractAutowireCapableBeanFactory.initializeBean(AbstractAutowireCapableBeanFactory.java:1804)
	at org.springframework.beans.factory.support.AbstractAutowireCapableBeanFactory.doCreateBean(AbstractAutowireCapableBeanFactory.java:620)
	at org.springframework.beans.factory.support.AbstractAutowireCapableBeanFactory.createBean(AbstractAutowireCapableBeanFactory.java:542)
	at org.springframework.beans.factory.support.AbstractBeanFactory.lambda$doGetBean$0(AbstractBeanFactory.java:335)
	at org.springframework.beans.factory.support.DefaultSingletonBeanRegistry.getSingleton(DefaultSingletonBeanRegistry.java:234)
	at org.springframework.beans.factory.support.AbstractBeanFactory.doGetBean(AbstractBeanFactory.java:333)
	at org.springframework.beans.factory.support.AbstractBeanFactory.getBean(AbstractBeanFactory.java:208)
	at org.springframework.beans.factory.config.DependencyDescriptor.resolveCandidate(DependencyDescriptor.java:276)
	at org.springframework.beans.factory.support.DefaultListableBeanFactory.doResolveDependency(DefaultListableBeanFactory.java:1389)
	at org.springframework.beans.factory.support.DefaultListableBeanFactory.resolveDependency(DefaultListableBeanFactory.java:1309)
	at org.springframework.beans.factory.annotation.AutowiredAnnotationBeanPostProcessor$AutowiredFieldElement.resolveFieldValue(AutowiredAnnotationBeanPostProcessor.java:656)
	... 34 common frames omitted
Caused by: org.springframework.data.repository.query.QueryCreationException: Could not create query for public abstract int com.company.UzCard.repository.ClientRepository.update(java.lang.String,java.lang.String,java.lang.String)! Reason: Using named parameters for method public abstract int com.company.UzCard.repository.ClientRepository.update(java.lang.String,java.lang.String,java.lang.String) but parameter 'Optional[name]' not found in annotated query 'update ClientEntity as c set c.name=:status, c.surname=:surname where c.uuid=:id'!; nested exception is java.lang.IllegalStateException: Using named parameters for method public abstract int com.company.UzCard.repository.ClientRepository.update(java.lang.String,java.lang.String,java.lang.String) but parameter 'Optional[name]' not found in annotated query 'update ClientEntity as c set c.name=:status, c.surname=:surname where c.uuid=:id'!
	at org.springframework.data.repository.query.QueryCreationException.create(QueryCreationException.java:101)
	at org.springframework.data.repository.core.support.QueryExecutorMethodInterceptor.lookupQuery(QueryExecutorMethodInterceptor.java:106)
	at org.springframework.data.repository.core.support.QueryExecutorMethodInterceptor.lambda$mapMethodsToQuery$1(QueryExecutorMethodInterceptor.java:94)
	at java.base/java.util.stream.ReferencePipeline$3$1.accept(ReferencePipeline.java:197)
	at java.base/java.util.Iterator.forEachRemaining(Iterator.java:133)
	at java.base/java.util.Collections$UnmodifiableCollection$1.forEachRemaining(Collections.java:1061)
	at java.base/java.util.Spliterators$IteratorSpliterator.forEachRemaining(Spliterators.java:1845)
	at java.base/java.util.stream.AbstractPipeline.copyInto(AbstractPipeline.java:509)
	at java.base/java.util.stream.AbstractPipeline.wrapAndCopyInto(AbstractPipeline.java:499)
	at java.base/java.util.stream.ReduceOps$ReduceOp.evaluateSequential(ReduceOps.java:921)
	at java.base/java.util.stream.AbstractPipeline.evaluate(AbstractPipeline.java:234)
	at java.base/java.util.stream.ReferencePipeline.collect(ReferencePipeline.java:682)
	at org.springframework.data.repository.core.support.QueryExecutorMethodInterceptor.mapMethodsToQuery(QueryExecutorMethodInterceptor.java:96)
	at org.springframework.data.repository.core.support.QueryExecutorMethodInterceptor.lambda$new$0(QueryExecutorMethodInterceptor.java:86)
	at java.base/java.util.Optional.map(Optional.java:260)
	at org.springframework.data.repository.core.support.QueryExecutorMethodInterceptor.<init>(QueryExecutorMethodInterceptor.java:86)
	at org.springframework.data.repository.core.support.RepositoryFactorySupport.getRepository(RepositoryFactorySupport.java:364)
	at org.springframework.data.repository.core.support.RepositoryFactoryBeanSupport.lambda$afterPropertiesSet$5(RepositoryFactoryBeanSupport.java:322)
	at org.springframework.data.util.Lazy.getNullable(Lazy.java:230)
	at org.springframework.data.util.Lazy.get(Lazy.java:114)
	at org.springframework.data.repository.core.support.RepositoryFactoryBeanSupport.afterPropertiesSet(RepositoryFactoryBeanSupport.java:328)
	at org.springframework.data.jpa.repository.support.JpaRepositoryFactoryBean.afterPropertiesSet(JpaRepositoryFactoryBean.java:144)
	at org.springframework.beans.factory.support.AbstractAutowireCapableBeanFactory.invokeInitMethods(AbstractAutowireCapableBeanFactory.java:1863)
	at org.springframework.beans.factory.support.AbstractAutowireCapableBeanFactory.initializeBean(AbstractAutowireCapableBeanFactory.java:1800)
	... 44 common frames omitted
Caused by: java.lang.IllegalStateException: Using named parameters for method public abstract int com.company.UzCard.repository.ClientRepository.update(java.lang.String,java.lang.String,java.lang.String) but parameter 'Optional[name]' not found in annotated query 'update ClientEntity as c set c.name=:status, c.surname=:surname where c.uuid=:id'!
	at org.springframework.data.jpa.repository.query.JpaQueryMethod.assertParameterNamesInAnnotatedQuery(JpaQueryMethod.java:172)
	at org.springframework.data.jpa.repository.query.JpaQueryMethod.<init>(JpaQueryMethod.java:139)
	at org.springframework.data.jpa.repository.query.DefaultJpaQueryMethodFactory.build(DefaultJpaQueryMethodFactory.java:44)
	at org.springframework.data.jpa.repository.query.JpaQueryLookupStrategy$AbstractQueryLookupStrategy.resolveQuery(JpaQueryLookupStrategy.java:87)
	at org.springframework.data.repository.core.support.QueryExecutorMethodInterceptor.lookupQuery(QueryExecutorMethodInterceptor.java:102)
	... 66 common frames omitted
2022-05-26 11:03:35 - com.company.UzCard.UzCardApplication - INFO  - Starting UzCardApplication using Java 17.0.2 on Bilol with PID 15504 (D:\JavaLesson\UzCard\target\classes started by Bilol in D:\JavaLesson\UzCard)
2022-05-26 11:03:35 - com.company.UzCard.UzCardApplication - DEBUG - Running with Spring Boot v2.7.0, Spring v5.3.20
2022-05-26 11:03:35 - com.company.UzCard.UzCardApplication - INFO  - The following 1 profile is active: "dev"
2022-05-26 11:03:36 - o.s.d.r.c.RepositoryConfigurationDelegate - INFO  - Bootstrapping Spring Data JPA repositories in DEFAULT mode.
2022-05-26 11:03:36 - o.s.d.r.c.RepositoryConfigurationDelegate - INFO  - Finished Spring Data repository scanning in 39 ms. Found 3 JPA repository interfaces.
2022-05-26 11:03:36 - o.s.b.w.e.tomcat.TomcatWebServer - INFO  - Tomcat initialized with port(s): 8080 (http)
2022-05-26 11:03:36 - o.a.catalina.core.StandardService - INFO  - Starting service [Tomcat]
2022-05-26 11:03:36 - o.a.catalina.core.StandardEngine - INFO  - Starting Servlet engine: [Apache Tomcat/9.0.63]
2022-05-26 11:03:36 - o.a.c.c.C.[Tomcat].[localhost].[/] - INFO  - Initializing Spring embedded WebApplicationContext
2022-05-26 11:03:36 - o.s.b.w.s.c.ServletWebServerApplicationContext - INFO  - Root WebApplicationContext: initialization completed in 886 ms
2022-05-26 11:03:36 - o.h.jpa.internal.util.LogHelper - INFO  - HHH000204: Processing PersistenceUnitInfo [name: default]
2022-05-26 11:03:36 - org.hibernate.Version - INFO  - HHH000412: Hibernate ORM core version 5.6.9.Final
2022-05-26 11:03:36 - o.h.annotations.common.Version - INFO  - HCANN000001: Hibernate Commons Annotations {5.1.2.Final}
2022-05-26 11:03:36 - com.zaxxer.hikari.HikariDataSource - INFO  - HikariPool-1 - Starting...
2022-05-26 11:03:37 - com.zaxxer.hikari.HikariDataSource - INFO  - HikariPool-1 - Start completed.
2022-05-26 11:03:37 - org.hibernate.dialect.Dialect - INFO  - HHH000400: Using dialect: org.hibernate.dialect.PostgreSQL10Dialect
2022-05-26 11:03:37 - org.hibernate.id.UUIDHexGenerator - WARN  - HHH000409: Using org.hibernate.id.UUIDHexGenerator which does not generate IETF RFC 4122 compliant UUID values; consider using org.hibernate.id.UUIDGenerator instead
2022-05-26 11:03:37 - o.h.e.t.j.p.i.JtaPlatformInitiator - INFO  - HHH000490: Using JtaPlatform implementation: [org.hibernate.engine.transaction.jta.platform.internal.NoJtaPlatform]
2022-05-26 11:03:37 - o.s.o.j.LocalContainerEntityManagerFactoryBean - INFO  - Initialized JPA EntityManagerFactory for persistence unit 'default'
2022-05-26 11:03:37 - o.s.b.a.o.j.JpaBaseConfiguration$JpaWebConfiguration - WARN  - spring.jpa.open-in-view is enabled by default. Therefore, database queries may be performed during view rendering. Explicitly configure spring.jpa.open-in-view to disable this warning
2022-05-26 11:03:37 - o.s.s.web.DefaultSecurityFilterChain - INFO  - Will secure any request with [org.springframework.security.web.session.DisableEncodeUrlFilter@52b49891, org.springframework.security.web.context.request.async.WebAsyncManagerIntegrationFilter@75973f7a, org.springframework.security.web.context.SecurityContextPersistenceFilter@8a7cd7c, org.springframework.security.web.header.HeaderWriterFilter@763ddfc3, org.springframework.security.web.authentication.logout.LogoutFilter@24bdd996, org.springframework.security.web.authentication.www.BasicAuthenticationFilter@3d8e1fa6, org.springframework.security.web.savedrequest.RequestCacheAwareFilter@1f6d3a81, org.springframework.security.web.servletapi.SecurityContextHolderAwareRequestFilter@3b850bb7, org.springframework.security.web.authentication.AnonymousAuthenticationFilter@7940b729, org.springframework.security.web.session.SessionManagementFilter@5ace6611, org.springframework.security.web.access.ExceptionTranslationFilter@5e643402, org.springframework.security.web.access.intercept.FilterSecurityInterceptor@29ce33e9]
2022-05-26 11:03:38 - o.s.b.w.e.tomcat.TomcatWebServer - INFO  - Tomcat started on port(s): 8080 (http) with context path ''
2022-05-26 11:03:38 - com.company.UzCard.UzCardApplication - INFO  - Started UzCardApplication in 2.665 seconds (JVM running for 3.04)
2022-05-26 11:03:47 - o.s.o.j.LocalContainerEntityManagerFactoryBean - INFO  - Closing JPA EntityManagerFactory for persistence unit 'default'
2022-05-26 11:03:47 - com.zaxxer.hikari.HikariDataSource - INFO  - HikariPool-1 - Shutdown initiated...
2022-05-26 11:03:47 - com.zaxxer.hikari.HikariDataSource - INFO  - HikariPool-1 - Shutdown completed.
2022-05-26 11:06:01 - com.company.UzCard.UzCardApplication - INFO  - Starting UzCardApplication using Java 17.0.2 on Bilol with PID 7704 (D:\JavaLesson\UzCard\target\classes started by Bilol in D:\JavaLesson\UzCard)
2022-05-26 11:06:01 - com.company.UzCard.UzCardApplication - DEBUG - Running with Spring Boot v2.7.0, Spring v5.3.20
2022-05-26 11:06:01 - com.company.UzCard.UzCardApplication - INFO  - The following 1 profile is active: "dev"
2022-05-26 11:06:01 - o.s.d.r.c.RepositoryConfigurationDelegate - INFO  - Bootstrapping Spring Data JPA repositories in DEFAULT mode.
2022-05-26 11:06:01 - o.s.d.r.c.RepositoryConfigurationDelegate - INFO  - Finished Spring Data repository scanning in 31 ms. Found 3 JPA repository interfaces.
2022-05-26 11:06:02 - o.s.b.w.e.tomcat.TomcatWebServer - INFO  - Tomcat initialized with port(s): 8080 (http)
2022-05-26 11:06:02 - o.a.catalina.core.StandardService - INFO  - Starting service [Tomcat]
2022-05-26 11:06:02 - o.a.catalina.core.StandardEngine - INFO  - Starting Servlet engine: [Apache Tomcat/9.0.63]
2022-05-26 11:06:02 - o.a.c.c.C.[Tomcat].[localhost].[/] - INFO  - Initializing Spring embedded WebApplicationContext
2022-05-26 11:06:02 - o.s.b.w.s.c.ServletWebServerApplicationContext - INFO  - Root WebApplicationContext: initialization completed in 1013 ms
2022-05-26 11:06:02 - o.h.jpa.internal.util.LogHelper - INFO  - HHH000204: Processing PersistenceUnitInfo [name: default]
2022-05-26 11:06:02 - org.hibernate.Version - INFO  - HHH000412: Hibernate ORM core version 5.6.9.Final
2022-05-26 11:06:02 - o.h.annotations.common.Version - INFO  - HCANN000001: Hibernate Commons Annotations {5.1.2.Final}
2022-05-26 11:06:02 - com.zaxxer.hikari.HikariDataSource - INFO  - HikariPool-1 - Starting...
2022-05-26 11:06:02 - com.zaxxer.hikari.HikariDataSource - INFO  - HikariPool-1 - Start completed.
2022-05-26 11:06:02 - org.hibernate.dialect.Dialect - INFO  - HHH000400: Using dialect: org.hibernate.dialect.PostgreSQL10Dialect
2022-05-26 11:06:02 - org.hibernate.id.UUIDHexGenerator - WARN  - HHH000409: Using org.hibernate.id.UUIDHexGenerator which does not generate IETF RFC 4122 compliant UUID values; consider using org.hibernate.id.UUIDGenerator instead
2022-05-26 11:06:03 - o.h.e.t.j.p.i.JtaPlatformInitiator - INFO  - HHH000490: Using JtaPlatform implementation: [org.hibernate.engine.transaction.jta.platform.internal.NoJtaPlatform]
2022-05-26 11:06:03 - o.s.o.j.LocalContainerEntityManagerFactoryBean - INFO  - Initialized JPA EntityManagerFactory for persistence unit 'default'
2022-05-26 11:06:03 - o.s.b.a.o.j.JpaBaseConfiguration$JpaWebConfiguration - WARN  - spring.jpa.open-in-view is enabled by default. Therefore, database queries may be performed during view rendering. Explicitly configure spring.jpa.open-in-view to disable this warning
2022-05-26 11:06:03 - o.s.s.web.DefaultSecurityFilterChain - INFO  - Will secure any request with [org.springframework.security.web.session.DisableEncodeUrlFilter@66b62ebd, org.springframework.security.web.context.request.async.WebAsyncManagerIntegrationFilter@5440a3a, org.springframework.security.web.context.SecurityContextPersistenceFilter@8a7cd7c, org.springframework.security.web.header.HeaderWriterFilter@763ddfc3, org.springframework.security.web.authentication.logout.LogoutFilter@24bdd996, org.springframework.security.web.authentication.www.BasicAuthenticationFilter@7940b729, org.springframework.security.web.savedrequest.RequestCacheAwareFilter@1f6d3a81, org.springframework.security.web.servletapi.SecurityContextHolderAwareRequestFilter@3b850bb7, org.springframework.security.web.authentication.AnonymousAuthenticationFilter@18cb4ed1, org.springframework.security.web.session.SessionManagementFilter@5ace6611, org.springframework.security.web.access.ExceptionTranslationFilter@5e643402, org.springframework.security.web.access.intercept.FilterSecurityInterceptor@3ed87b6e]
2022-05-26 11:06:03 - o.s.b.w.e.tomcat.TomcatWebServer - INFO  - Tomcat started on port(s): 8080 (http) with context path ''
2022-05-26 11:06:03 - com.company.UzCard.UzCardApplication - INFO  - Started UzCardApplication in 2.823 seconds (JVM running for 3.208)
2022-05-26 11:06:08 - o.a.c.c.C.[Tomcat].[localhost].[/] - INFO  - Initializing Spring DispatcherServlet 'dispatcherServlet'
2022-05-26 11:06:08 - o.s.web.servlet.DispatcherServlet - INFO  - Initializing Servlet 'dispatcherServlet'
2022-05-26 11:06:08 - o.s.web.servlet.DispatcherServlet - INFO  - Completed initialization in 2 ms
2022-05-26 11:06:28 - o.s.o.j.LocalContainerEntityManagerFactoryBean - INFO  - Closing JPA EntityManagerFactory for persistence unit 'default'
2022-05-26 11:06:28 - com.zaxxer.hikari.HikariDataSource - INFO  - HikariPool-1 - Shutdown initiated...
2022-05-26 11:06:28 - com.zaxxer.hikari.HikariDataSource - INFO  - HikariPool-1 - Shutdown completed.
2022-05-26 11:06:31 - com.company.UzCard.UzCardApplication - INFO  - Starting UzCardApplication using Java 17.0.2 on Bilol with PID 17800 (D:\JavaLesson\UzCard\target\classes started by Bilol in D:\JavaLesson\UzCard)
2022-05-26 11:06:31 - com.company.UzCard.UzCardApplication - DEBUG - Running with Spring Boot v2.7.0, Spring v5.3.20
2022-05-26 11:06:31 - com.company.UzCard.UzCardApplication - INFO  - The following 1 profile is active: "dev"
2022-05-26 11:06:32 - o.s.d.r.c.RepositoryConfigurationDelegate - INFO  - Bootstrapping Spring Data JPA repositories in DEFAULT mode.
2022-05-26 11:06:32 - o.s.d.r.c.RepositoryConfigurationDelegate - INFO  - Finished Spring Data repository scanning in 34 ms. Found 3 JPA repository interfaces.
2022-05-26 11:06:32 - o.s.b.w.e.tomcat.TomcatWebServer - INFO  - Tomcat initialized with port(s): 8080 (http)
2022-05-26 11:06:32 - o.a.catalina.core.StandardService - INFO  - Starting service [Tomcat]
2022-05-26 11:06:32 - o.a.catalina.core.StandardEngine - INFO  - Starting Servlet engine: [Apache Tomcat/9.0.63]
2022-05-26 11:06:32 - o.a.c.c.C.[Tomcat].[localhost].[/] - INFO  - Initializing Spring embedded WebApplicationContext
2022-05-26 11:06:32 - o.s.b.w.s.c.ServletWebServerApplicationContext - INFO  - Root WebApplicationContext: initialization completed in 890 ms
2022-05-26 11:06:32 - o.h.jpa.internal.util.LogHelper - INFO  - HHH000204: Processing PersistenceUnitInfo [name: default]
2022-05-26 11:06:32 - org.hibernate.Version - INFO  - HHH000412: Hibernate ORM core version 5.6.9.Final
2022-05-26 11:06:32 - o.h.annotations.common.Version - INFO  - HCANN000001: Hibernate Commons Annotations {5.1.2.Final}
2022-05-26 11:06:32 - com.zaxxer.hikari.HikariDataSource - INFO  - HikariPool-1 - Starting...
2022-05-26 11:06:32 - com.zaxxer.hikari.HikariDataSource - INFO  - HikariPool-1 - Start completed.
2022-05-26 11:06:32 - org.hibernate.dialect.Dialect - INFO  - HHH000400: Using dialect: org.hibernate.dialect.PostgreSQL10Dialect
2022-05-26 11:06:32 - org.hibernate.id.UUIDHexGenerator - WARN  - HHH000409: Using org.hibernate.id.UUIDHexGenerator which does not generate IETF RFC 4122 compliant UUID values; consider using org.hibernate.id.UUIDGenerator instead
2022-05-26 11:06:33 - o.h.e.t.j.p.i.JtaPlatformInitiator - INFO  - HHH000490: Using JtaPlatform implementation: [org.hibernate.engine.transaction.jta.platform.internal.NoJtaPlatform]
2022-05-26 11:06:33 - o.s.o.j.LocalContainerEntityManagerFactoryBean - INFO  - Initialized JPA EntityManagerFactory for persistence unit 'default'
2022-05-26 11:06:33 - o.s.b.a.o.j.JpaBaseConfiguration$JpaWebConfiguration - WARN  - spring.jpa.open-in-view is enabled by default. Therefore, database queries may be performed during view rendering. Explicitly configure spring.jpa.open-in-view to disable this warning
2022-05-26 11:06:33 - o.s.s.web.DefaultSecurityFilterChain - INFO  - Will secure any request with [org.springframework.security.web.session.DisableEncodeUrlFilter@10abd94f, org.springframework.security.web.context.request.async.WebAsyncManagerIntegrationFilter@47bfde21, org.springframework.security.web.context.SecurityContextPersistenceFilter@641c8ba4, org.springframework.security.web.header.HeaderWriterFilter@10f60e36, org.springframework.security.web.authentication.logout.LogoutFilter@57777c23, org.springframework.security.web.authentication.www.BasicAuthenticationFilter@68dbe225, org.springframework.security.web.savedrequest.RequestCacheAwareFilter@75559cd9, org.springframework.security.web.servletapi.SecurityContextHolderAwareRequestFilter@29693b1d, org.springframework.security.web.authentication.AnonymousAuthenticationFilter@628f0936, org.springframework.security.web.session.SessionManagementFilter@8a7cd7c, org.springframework.security.web.access.ExceptionTranslationFilter@9863ed5, org.springframework.security.web.access.intercept.FilterSecurityInterceptor@63614cdd]
2022-05-26 11:06:33 - o.s.b.w.e.tomcat.TomcatWebServer - INFO  - Tomcat started on port(s): 8080 (http) with context path ''
2022-05-26 11:06:34 - com.company.UzCard.UzCardApplication - INFO  - Started UzCardApplication in 2.639 seconds (JVM running for 3.017)
2022-05-26 11:06:36 - o.a.c.c.C.[Tomcat].[localhost].[/] - INFO  - Initializing Spring DispatcherServlet 'dispatcherServlet'
2022-05-26 11:06:36 - o.s.web.servlet.DispatcherServlet - INFO  - Initializing Servlet 'dispatcherServlet'
2022-05-26 11:06:36 - o.s.web.servlet.DispatcherServlet - INFO  - Completed initialization in 1 ms
2022-05-26 11:07:01 - o.s.o.j.LocalContainerEntityManagerFactoryBean - INFO  - Closing JPA EntityManagerFactory for persistence unit 'default'
2022-05-26 11:07:01 - com.zaxxer.hikari.HikariDataSource - INFO  - HikariPool-1 - Shutdown initiated...
2022-05-26 11:07:01 - com.zaxxer.hikari.HikariDataSource - INFO  - HikariPool-1 - Shutdown completed.
2022-05-26 11:07:04 - com.company.UzCard.UzCardApplication - INFO  - Starting UzCardApplication using Java 17.0.2 on Bilol with PID 14328 (D:\JavaLesson\UzCard\target\classes started by Bilol in D:\JavaLesson\UzCard)
2022-05-26 11:07:04 - com.company.UzCard.UzCardApplication - DEBUG - Running with Spring Boot v2.7.0, Spring v5.3.20
2022-05-26 11:07:04 - com.company.UzCard.UzCardApplication - INFO  - The following 1 profile is active: "dev"
2022-05-26 11:07:05 - o.s.d.r.c.RepositoryConfigurationDelegate - INFO  - Bootstrapping Spring Data JPA repositories in DEFAULT mode.
2022-05-26 11:07:05 - o.s.d.r.c.RepositoryConfigurationDelegate - INFO  - Finished Spring Data repository scanning in 29 ms. Found 3 JPA repository interfaces.
2022-05-26 11:07:05 - o.s.b.w.e.tomcat.TomcatWebServer - INFO  - Tomcat initialized with port(s): 8080 (http)
2022-05-26 11:07:05 - o.a.catalina.core.StandardService - INFO  - Starting service [Tomcat]
2022-05-26 11:07:05 - o.a.catalina.core.StandardEngine - INFO  - Starting Servlet engine: [Apache Tomcat/9.0.63]
2022-05-26 11:07:05 - o.a.c.c.C.[Tomcat].[localhost].[/] - INFO  - Initializing Spring embedded WebApplicationContext
2022-05-26 11:07:05 - o.s.b.w.s.c.ServletWebServerApplicationContext - INFO  - Root WebApplicationContext: initialization completed in 898 ms
2022-05-26 11:07:05 - o.h.jpa.internal.util.LogHelper - INFO  - HHH000204: Processing PersistenceUnitInfo [name: default]
2022-05-26 11:07:05 - org.hibernate.Version - INFO  - HHH000412: Hibernate ORM core version 5.6.9.Final
2022-05-26 11:07:05 - o.h.annotations.common.Version - INFO  - HCANN000001: Hibernate Commons Annotations {5.1.2.Final}
2022-05-26 11:07:05 - com.zaxxer.hikari.HikariDataSource - INFO  - HikariPool-1 - Starting...
2022-05-26 11:07:05 - com.zaxxer.hikari.HikariDataSource - INFO  - HikariPool-1 - Start completed.
2022-05-26 11:07:05 - org.hibernate.dialect.Dialect - INFO  - HHH000400: Using dialect: org.hibernate.dialect.PostgreSQL10Dialect
2022-05-26 11:07:05 - org.hibernate.id.UUIDHexGenerator - WARN  - HHH000409: Using org.hibernate.id.UUIDHexGenerator which does not generate IETF RFC 4122 compliant UUID values; consider using org.hibernate.id.UUIDGenerator instead
2022-05-26 11:07:06 - o.h.e.t.j.p.i.JtaPlatformInitiator - INFO  - HHH000490: Using JtaPlatform implementation: [org.hibernate.engine.transaction.jta.platform.internal.NoJtaPlatform]
2022-05-26 11:07:06 - o.s.o.j.LocalContainerEntityManagerFactoryBean - INFO  - Initialized JPA EntityManagerFactory for persistence unit 'default'
2022-05-26 11:07:06 - o.s.b.a.o.j.JpaBaseConfiguration$JpaWebConfiguration - WARN  - spring.jpa.open-in-view is enabled by default. Therefore, database queries may be performed during view rendering. Explicitly configure spring.jpa.open-in-view to disable this warning
2022-05-26 11:07:06 - o.s.s.web.DefaultSecurityFilterChain - INFO  - Will secure any request with [org.springframework.security.web.session.DisableEncodeUrlFilter@145ef9e8, org.springframework.security.web.context.request.async.WebAsyncManagerIntegrationFilter@2e667e95, org.springframework.security.web.context.SecurityContextPersistenceFilter@5ace6611, org.springframework.security.web.header.HeaderWriterFilter@ff12b53, org.springframework.security.web.authentication.logout.LogoutFilter@52b6561b, org.springframework.security.web.authentication.www.BasicAuthenticationFilter@4adc3951, org.springframework.security.web.savedrequest.RequestCacheAwareFilter@164db8f0, org.springframework.security.web.servletapi.SecurityContextHolderAwareRequestFilter@39a09c0, org.springframework.security.web.authentication.AnonymousAuthenticationFilter@514b247b, org.springframework.security.web.session.SessionManagementFilter@23d07ad3, org.springframework.security.web.access.ExceptionTranslationFilter@6406b84d, org.springframework.security.web.access.intercept.FilterSecurityInterceptor@51a5a8ba]
2022-05-26 11:07:06 - o.s.b.w.e.tomcat.TomcatWebServer - INFO  - Tomcat started on port(s): 8080 (http) with context path ''
2022-05-26 11:07:07 - com.company.UzCard.UzCardApplication - INFO  - Started UzCardApplication in 2.819 seconds (JVM running for 3.217)
2022-05-26 11:07:08 - o.a.c.c.C.[Tomcat].[localhost].[/] - INFO  - Initializing Spring DispatcherServlet 'dispatcherServlet'
2022-05-26 11:07:08 - o.s.web.servlet.DispatcherServlet - INFO  - Initializing Servlet 'dispatcherServlet'
2022-05-26 11:07:08 - o.s.web.servlet.DispatcherServlet - INFO  - Completed initialization in 1 ms
2022-05-26 11:07:34 - o.s.o.j.LocalContainerEntityManagerFactoryBean - INFO  - Closing JPA EntityManagerFactory for persistence unit 'default'
2022-05-26 11:07:34 - com.zaxxer.hikari.HikariDataSource - INFO  - HikariPool-1 - Shutdown initiated...
2022-05-26 11:07:34 - com.zaxxer.hikari.HikariDataSource - INFO  - HikariPool-1 - Shutdown completed.
2022-05-26 11:07:37 - com.company.UzCard.UzCardApplication - INFO  - Starting UzCardApplication using Java 17.0.2 on Bilol with PID 8996 (D:\JavaLesson\UzCard\target\classes started by Bilol in D:\JavaLesson\UzCard)
2022-05-26 11:07:37 - com.company.UzCard.UzCardApplication - DEBUG - Running with Spring Boot v2.7.0, Spring v5.3.20
2022-05-26 11:07:37 - com.company.UzCard.UzCardApplication - INFO  - The following 1 profile is active: "dev"
2022-05-26 11:07:37 - o.s.d.r.c.RepositoryConfigurationDelegate - INFO  - Bootstrapping Spring Data JPA repositories in DEFAULT mode.
2022-05-26 11:07:37 - o.s.d.r.c.RepositoryConfigurationDelegate - INFO  - Finished Spring Data repository scanning in 38 ms. Found 3 JPA repository interfaces.
2022-05-26 11:07:37 - o.s.b.w.e.tomcat.TomcatWebServer - INFO  - Tomcat initialized with port(s): 8080 (http)
2022-05-26 11:07:37 - o.a.catalina.core.StandardService - INFO  - Starting service [Tomcat]
2022-05-26 11:07:37 - o.a.catalina.core.StandardEngine - INFO  - Starting Servlet engine: [Apache Tomcat/9.0.63]
2022-05-26 11:07:37 - o.a.c.c.C.[Tomcat].[localhost].[/] - INFO  - Initializing Spring embedded WebApplicationContext
2022-05-26 11:07:37 - o.s.b.w.s.c.ServletWebServerApplicationContext - INFO  - Root WebApplicationContext: initialization completed in 882 ms
2022-05-26 11:07:38 - o.h.jpa.internal.util.LogHelper - INFO  - HHH000204: Processing PersistenceUnitInfo [name: default]
2022-05-26 11:07:38 - org.hibernate.Version - INFO  - HHH000412: Hibernate ORM core version 5.6.9.Final
2022-05-26 11:07:38 - o.h.annotations.common.Version - INFO  - HCANN000001: Hibernate Commons Annotations {5.1.2.Final}
2022-05-26 11:07:38 - com.zaxxer.hikari.HikariDataSource - INFO  - HikariPool-1 - Starting...
2022-05-26 11:07:38 - com.zaxxer.hikari.HikariDataSource - INFO  - HikariPool-1 - Start completed.
2022-05-26 11:07:38 - org.hibernate.dialect.Dialect - INFO  - HHH000400: Using dialect: org.hibernate.dialect.PostgreSQL10Dialect
2022-05-26 11:07:38 - org.hibernate.id.UUIDHexGenerator - WARN  - HHH000409: Using org.hibernate.id.UUIDHexGenerator which does not generate IETF RFC 4122 compliant UUID values; consider using org.hibernate.id.UUIDGenerator instead
2022-05-26 11:07:38 - o.h.e.t.j.p.i.JtaPlatformInitiator - INFO  - HHH000490: Using JtaPlatform implementation: [org.hibernate.engine.transaction.jta.platform.internal.NoJtaPlatform]
2022-05-26 11:07:38 - o.s.o.j.LocalContainerEntityManagerFactoryBean - INFO  - Initialized JPA EntityManagerFactory for persistence unit 'default'
2022-05-26 11:07:38 - o.s.b.a.o.j.JpaBaseConfiguration$JpaWebConfiguration - WARN  - spring.jpa.open-in-view is enabled by default. Therefore, database queries may be performed during view rendering. Explicitly configure spring.jpa.open-in-view to disable this warning
2022-05-26 11:07:39 - o.s.s.web.DefaultSecurityFilterChain - INFO  - Will secure any request with [org.springframework.security.web.session.DisableEncodeUrlFilter@4d745ac6, org.springframework.security.web.context.request.async.WebAsyncManagerIntegrationFilter@6e54bef6, org.springframework.security.web.context.SecurityContextPersistenceFilter@3b850bb7, org.springframework.security.web.header.HeaderWriterFilter@3a83cfbc, org.springframework.security.web.authentication.logout.LogoutFilter@23dda7a3, org.springframework.security.web.authentication.www.BasicAuthenticationFilter@18cb4ed1, org.springframework.security.web.savedrequest.RequestCacheAwareFilter@341889a1, org.springframework.security.web.servletapi.SecurityContextHolderAwareRequestFilter@feab3ae, org.springframework.security.web.authentication.AnonymousAuthenticationFilter@7dcc0296, org.springframework.security.web.session.SessionManagementFilter@39a09c0, org.springframework.security.web.access.ExceptionTranslationFilter@7e84af34, org.springframework.security.web.access.intercept.FilterSecurityInterceptor@2dfab167]
2022-05-26 11:07:39 - o.s.b.w.e.tomcat.TomcatWebServer - INFO  - Tomcat started on port(s): 8080 (http) with context path ''
2022-05-26 11:07:39 - com.company.UzCard.UzCardApplication - INFO  - Started UzCardApplication in 2.645 seconds (JVM running for 3.02)
2022-05-26 11:07:41 - o.a.c.c.C.[Tomcat].[localhost].[/] - INFO  - Initializing Spring DispatcherServlet 'dispatcherServlet'
2022-05-26 11:07:41 - o.s.web.servlet.DispatcherServlet - INFO  - Initializing Servlet 'dispatcherServlet'
2022-05-26 11:07:41 - o.s.web.servlet.DispatcherServlet - INFO  - Completed initialization in 1 ms
2022-05-26 11:13:06 - o.s.o.j.LocalContainerEntityManagerFactoryBean - INFO  - Closing JPA EntityManagerFactory for persistence unit 'default'
2022-05-26 11:13:06 - com.zaxxer.hikari.HikariDataSource - INFO  - HikariPool-1 - Shutdown initiated...
2022-05-26 11:13:06 - com.zaxxer.hikari.HikariDataSource - INFO  - HikariPool-1 - Shutdown completed.
2022-05-26 11:13:11 - com.company.UzCard.UzCardApplication - INFO  - Starting UzCardApplication using Java 17.0.2 on Bilol with PID 10008 (D:\JavaLesson\UzCard\target\classes started by Bilol in D:\JavaLesson\UzCard)
2022-05-26 11:13:11 - com.company.UzCard.UzCardApplication - DEBUG - Running with Spring Boot v2.7.0, Spring v5.3.20
2022-05-26 11:13:11 - com.company.UzCard.UzCardApplication - INFO  - The following 1 profile is active: "dev"
2022-05-26 11:13:11 - o.s.d.r.c.RepositoryConfigurationDelegate - INFO  - Bootstrapping Spring Data JPA repositories in DEFAULT mode.
2022-05-26 11:13:12 - o.s.d.r.c.RepositoryConfigurationDelegate - INFO  - Finished Spring Data repository scanning in 29 ms. Found 3 JPA repository interfaces.
2022-05-26 11:13:12 - o.s.b.w.e.tomcat.TomcatWebServer - INFO  - Tomcat initialized with port(s): 8080 (http)
2022-05-26 11:13:12 - o.a.catalina.core.StandardService - INFO  - Starting service [Tomcat]
2022-05-26 11:13:12 - o.a.catalina.core.StandardEngine - INFO  - Starting Servlet engine: [Apache Tomcat/9.0.63]
2022-05-26 11:13:12 - o.a.c.c.C.[Tomcat].[localhost].[/] - INFO  - Initializing Spring embedded WebApplicationContext
2022-05-26 11:13:12 - o.s.b.w.s.c.ServletWebServerApplicationContext - INFO  - Root WebApplicationContext: initialization completed in 897 ms
2022-05-26 11:13:12 - o.h.jpa.internal.util.LogHelper - INFO  - HHH000204: Processing PersistenceUnitInfo [name: default]
2022-05-26 11:13:12 - org.hibernate.Version - INFO  - HHH000412: Hibernate ORM core version 5.6.9.Final
2022-05-26 11:13:12 - o.h.annotations.common.Version - INFO  - HCANN000001: Hibernate Commons Annotations {5.1.2.Final}
2022-05-26 11:13:12 - com.zaxxer.hikari.HikariDataSource - INFO  - HikariPool-1 - Starting...
2022-05-26 11:13:12 - com.zaxxer.hikari.HikariDataSource - INFO  - HikariPool-1 - Start completed.
2022-05-26 11:13:12 - org.hibernate.dialect.Dialect - INFO  - HHH000400: Using dialect: org.hibernate.dialect.PostgreSQL10Dialect
2022-05-26 11:13:12 - org.hibernate.id.UUIDHexGenerator - WARN  - HHH000409: Using org.hibernate.id.UUIDHexGenerator which does not generate IETF RFC 4122 compliant UUID values; consider using org.hibernate.id.UUIDGenerator instead
2022-05-26 11:13:13 - o.h.e.t.j.p.i.JtaPlatformInitiator - INFO  - HHH000490: Using JtaPlatform implementation: [org.hibernate.engine.transaction.jta.platform.internal.NoJtaPlatform]
2022-05-26 11:13:13 - o.s.o.j.LocalContainerEntityManagerFactoryBean - INFO  - Initialized JPA EntityManagerFactory for persistence unit 'default'
2022-05-26 11:13:13 - o.s.b.a.o.j.JpaBaseConfiguration$JpaWebConfiguration - WARN  - spring.jpa.open-in-view is enabled by default. Therefore, database queries may be performed during view rendering. Explicitly configure spring.jpa.open-in-view to disable this warning
2022-05-26 11:13:13 - o.s.s.web.DefaultSecurityFilterChain - INFO  - Will secure any request with [org.springframework.security.web.session.DisableEncodeUrlFilter@4c25201, org.springframework.security.web.context.request.async.WebAsyncManagerIntegrationFilter@4faaff61, org.springframework.security.web.context.SecurityContextPersistenceFilter@44d6f9cf, org.springframework.security.web.header.HeaderWriterFilter@5ace6611, org.springframework.security.web.authentication.logout.LogoutFilter@6277a496, org.springframework.security.web.authentication.www.BasicAuthenticationFilter@20706e70, org.springframework.security.web.savedrequest.RequestCacheAwareFilter@54224125, org.springframework.security.web.servletapi.SecurityContextHolderAwareRequestFilter@167f9043, org.springframework.security.web.authentication.AnonymousAuthenticationFilter@526f8cb0, org.springframework.security.web.session.SessionManagementFilter@341889a1, org.springframework.security.web.access.ExceptionTranslationFilter@6b9fc5c7, org.springframework.security.web.access.intercept.FilterSecurityInterceptor@4587f0f9]
2022-05-26 11:13:13 - o.s.b.w.e.tomcat.TomcatWebServer - INFO  - Tomcat started on port(s): 8080 (http) with context path ''
2022-05-26 11:13:13 - com.company.UzCard.UzCardApplication - INFO  - Started UzCardApplication in 2.647 seconds (JVM running for 3.025)
2022-05-26 11:14:06 - o.s.o.j.LocalContainerEntityManagerFactoryBean - INFO  - Closing JPA EntityManagerFactory for persistence unit 'default'
2022-05-26 11:14:06 - com.zaxxer.hikari.HikariDataSource - INFO  - HikariPool-1 - Shutdown initiated...
2022-05-26 11:14:06 - com.zaxxer.hikari.HikariDataSource - INFO  - HikariPool-1 - Shutdown completed.
2022-05-26 11:14:08 - com.company.UzCard.UzCardApplication - INFO  - Starting UzCardApplication using Java 17.0.2 on Bilol with PID 9900 (D:\JavaLesson\UzCard\target\classes started by Bilol in D:\JavaLesson\UzCard)
2022-05-26 11:14:08 - com.company.UzCard.UzCardApplication - DEBUG - Running with Spring Boot v2.7.0, Spring v5.3.20
2022-05-26 11:14:08 - com.company.UzCard.UzCardApplication - INFO  - The following 1 profile is active: "dev"
2022-05-26 11:14:09 - o.s.d.r.c.RepositoryConfigurationDelegate - INFO  - Bootstrapping Spring Data JPA repositories in DEFAULT mode.
2022-05-26 11:14:09 - o.s.d.r.c.RepositoryConfigurationDelegate - INFO  - Finished Spring Data repository scanning in 34 ms. Found 3 JPA repository interfaces.
2022-05-26 11:14:09 - o.s.b.w.e.tomcat.TomcatWebServer - INFO  - Tomcat initialized with port(s): 8080 (http)
2022-05-26 11:14:09 - o.a.catalina.core.StandardService - INFO  - Starting service [Tomcat]
2022-05-26 11:14:09 - o.a.catalina.core.StandardEngine - INFO  - Starting Servlet engine: [Apache Tomcat/9.0.63]
2022-05-26 11:14:09 - o.a.c.c.C.[Tomcat].[localhost].[/] - INFO  - Initializing Spring embedded WebApplicationContext
2022-05-26 11:14:09 - o.s.b.w.s.c.ServletWebServerApplicationContext - INFO  - Root WebApplicationContext: initialization completed in 876 ms
2022-05-26 11:14:09 - o.h.jpa.internal.util.LogHelper - INFO  - HHH000204: Processing PersistenceUnitInfo [name: default]
2022-05-26 11:14:09 - org.hibernate.Version - INFO  - HHH000412: Hibernate ORM core version 5.6.9.Final
2022-05-26 11:14:09 - o.h.annotations.common.Version - INFO  - HCANN000001: Hibernate Commons Annotations {5.1.2.Final}
2022-05-26 11:14:10 - com.zaxxer.hikari.HikariDataSource - INFO  - HikariPool-1 - Starting...
2022-05-26 11:14:10 - com.zaxxer.hikari.HikariDataSource - INFO  - HikariPool-1 - Start completed.
2022-05-26 11:14:10 - org.hibernate.dialect.Dialect - INFO  - HHH000400: Using dialect: org.hibernate.dialect.PostgreSQL10Dialect
2022-05-26 11:14:10 - org.hibernate.id.UUIDHexGenerator - WARN  - HHH000409: Using org.hibernate.id.UUIDHexGenerator which does not generate IETF RFC 4122 compliant UUID values; consider using org.hibernate.id.UUIDGenerator instead
2022-05-26 11:14:10 - o.h.e.t.j.p.i.JtaPlatformInitiator - INFO  - HHH000490: Using JtaPlatform implementation: [org.hibernate.engine.transaction.jta.platform.internal.NoJtaPlatform]
2022-05-26 11:14:10 - o.s.o.j.LocalContainerEntityManagerFactoryBean - INFO  - Initialized JPA EntityManagerFactory for persistence unit 'default'
2022-05-26 11:14:10 - o.s.b.a.o.j.JpaBaseConfiguration$JpaWebConfiguration - WARN  - spring.jpa.open-in-view is enabled by default. Therefore, database queries may be performed during view rendering. Explicitly configure spring.jpa.open-in-view to disable this warning
2022-05-26 11:14:10 - o.s.s.web.DefaultSecurityFilterChain - INFO  - Will secure any request with [org.springframework.security.web.session.DisableEncodeUrlFilter@66b62ebd, org.springframework.security.web.context.request.async.WebAsyncManagerIntegrationFilter@5440a3a, org.springframework.security.web.context.SecurityContextPersistenceFilter@8a7cd7c, org.springframework.security.web.header.HeaderWriterFilter@763ddfc3, org.springframework.security.web.authentication.logout.LogoutFilter@24bdd996, org.springframework.security.web.authentication.www.BasicAuthenticationFilter@7940b729, org.springframework.security.web.savedrequest.RequestCacheAwareFilter@1f6d3a81, org.springframework.security.web.servletapi.SecurityContextHolderAwareRequestFilter@3b850bb7, org.springframework.security.web.authentication.AnonymousAuthenticationFilter@18cb4ed1, org.springframework.security.web.session.SessionManagementFilter@5ace6611, org.springframework.security.web.access.ExceptionTranslationFilter@5e643402, org.springframework.security.web.access.intercept.FilterSecurityInterceptor@3ed87b6e]
2022-05-26 11:14:11 - o.s.b.w.e.tomcat.TomcatWebServer - INFO  - Tomcat started on port(s): 8080 (http) with context path ''
2022-05-26 11:14:11 - com.company.UzCard.UzCardApplication - INFO  - Started UzCardApplication in 2.642 seconds (JVM running for 3.002)
2022-05-26 11:14:17 - o.a.c.c.C.[Tomcat].[localhost].[/] - INFO  - Initializing Spring DispatcherServlet 'dispatcherServlet'
2022-05-26 11:14:17 - o.s.web.servlet.DispatcherServlet - INFO  - Initializing Servlet 'dispatcherServlet'
2022-05-26 11:14:17 - o.s.web.servlet.DispatcherServlet - INFO  - Completed initialization in 1 ms
2022-05-26 11:16:23 - o.s.o.j.LocalContainerEntityManagerFactoryBean - INFO  - Closing JPA EntityManagerFactory for persistence unit 'default'
2022-05-26 11:16:23 - com.zaxxer.hikari.HikariDataSource - INFO  - HikariPool-1 - Shutdown initiated...
2022-05-26 11:16:23 - com.zaxxer.hikari.HikariDataSource - INFO  - HikariPool-1 - Shutdown completed.
