2022-05-25 10:26:07 - com.company.UzCard.UzCardApplication - INFO  - Starting UzCardApplication using Java 17.0.2 on Bilol with PID 10680 (D:\JavaLesson\UzCard\target\classes started by Bilol in D:\JavaLesson\UzCard)
2022-05-25 10:26:07 - com.company.UzCard.UzCardApplication - DEBUG - Running with Spring Boot v2.7.0, Spring v5.3.20
2022-05-25 10:26:07 - com.company.UzCard.UzCardApplication - INFO  - No active profile set, falling back to 1 default profile: "default"
2022-05-25 10:26:08 - o.s.d.r.c.RepositoryConfigurationDelegate - INFO  - Bootstrapping Spring Data JPA repositories in DEFAULT mode.
2022-05-25 10:26:08 - o.s.d.r.c.RepositoryConfigurationDelegate - INFO  - Finished Spring Data repository scanning in 3 ms. Found 0 JPA repository interfaces.
2022-05-25 10:26:08 - o.s.b.w.e.tomcat.TomcatWebServer - INFO  - Tomcat initialized with port(s): 8080 (http)
2022-05-25 10:26:08 - o.a.catalina.core.StandardService - INFO  - Starting service [Tomcat]
2022-05-25 10:26:08 - o.a.catalina.core.StandardEngine - INFO  - Starting Servlet engine: [Apache Tomcat/9.0.63]
2022-05-25 10:26:08 - o.a.c.c.C.[Tomcat].[localhost].[/] - INFO  - Initializing Spring embedded WebApplicationContext
2022-05-25 10:26:08 - o.s.b.w.s.c.ServletWebServerApplicationContext - INFO  - Root WebApplicationContext: initialization completed in 990 ms
2022-05-25 10:26:08 - o.s.b.w.s.c.AnnotationConfigServletWebServerApplicationContext - WARN  - Exception encountered during context initialization - cancelling refresh attempt: org.springframework.beans.factory.UnsatisfiedDependencyException: Error creating bean with name 'dataSourceScriptDatabaseInitializer' defined in class path resource [org/springframework/boot/autoconfigure/sql/init/DataSourceInitializationConfiguration.class]: Unsatisfied dependency expressed through method 'dataSourceScriptDatabaseInitializer' parameter 0; nested exception is org.springframework.beans.factory.BeanCreationException: Error creating bean with name 'dataSource' defined in class path resource [org/springframework/boot/autoconfigure/jdbc/DataSourceConfiguration$Hikari.class]: Bean instantiation via factory method failed; nested exception is org.springframework.beans.BeanInstantiationException: Failed to instantiate [com.zaxxer.hikari.HikariDataSource]: Factory method 'dataSource' threw exception; nested exception is org.springframework.boot.autoconfigure.jdbc.DataSourceProperties$DataSourceBeanCreationException: Failed to determine a suitable driver class
2022-05-25 10:26:08 - o.a.catalina.core.StandardService - INFO  - Stopping service [Tomcat]
2022-05-25 10:26:08 - o.s.b.a.l.ConditionEvaluationReportLoggingListener - INFO  - 

Error starting ApplicationContext. To display the conditions report re-run your application with 'debug' enabled.
2022-05-25 10:26:08 - o.s.b.d.LoggingFailureAnalysisReporter - ERROR - 

***************************
APPLICATION FAILED TO START
***************************

Description:

Failed to configure a DataSource: 'url' attribute is not specified and no embedded datasource could be configured.

Reason: Failed to determine a suitable driver class


Action:

Consider the following:
	If you want an embedded database (H2, HSQL or Derby), please put it on the classpath.
	If you have database settings to be loaded from a particular profile you may need to activate it (no profiles are currently active).

